<?xml version="1.0" encoding="UTF-8"?>
<testsuite xmlns:xsi="http://www.w3.org/2001/XMLSchema-instance" xsi:noNamespaceSchemaLocation="https://maven.apache.org/surefire/maven-surefire-plugin/xsd/surefire-test-report.xsd" name="com.datarepublic.simplecab.command.SimpleCabServiceTest" time="0.267" tests="3" errors="0" skipped="0" failures="0">
  <properties>
[...]
</properties>
  <testcase name="shouldDeleteCache" classname="com.datarepublic.simplecab.command.SimpleCabServiceTest" time="0.119"/>
  <testcase name="shouldGetMedallionsSummary" classname="com.datarepublic.simplecab.command.SimpleCabServiceTest" time="0.049"/>
  <testcase name="shouldGetMedallionSummary" classname="com.datarepublic.simplecab.command.SimpleCabServiceTest" time="0.01"/>
</testsuite>